Arguments: 
  /Users/christopherlebaron/.nvm/versions/node/v12.18.0/bin/node /usr/local/Cellar/yarn/1.22.5/libexec/bin/yarn.js install

PATH: 
  /usr/local/opt/icu4c/sbin:/usr/local/opt/icu4c/bin:/usr/local/opt/icu4c/sbin:/usr/local/opt/icu4c/bin:~/.pyenv/bin:/Users/christopherlebaron/.pyenv/shims:/usr/local/sbin:/usr/local/opt/openssl/bin:/Users/christopherlebaron/.nvm/versions/node/v12.18.0/bin:/Users/christopherlebaron/.rvm/gems/ruby-2.4.0/bin:/Users/christopherlebaron/.rvm/gems/ruby-2.4.0@global/bin:/Users/christopherlebaron/.rvm/rubies/ruby-2.4.0/bin:/usr/local/bin:/usr/bin:/bin:/usr/sbin:/sbin:/opt/X11/bin:/Library/Apple/usr/bin:/Applications/Wireshark.app/Contents/MacOS:/Users/christopherlebaron/Sites/hear-test/node_modules/.bin:/Users/christopherlebaron/.rvm/bin

Yarn version: 
  1.22.5

Node version: 
  12.18.0

Platform: 
  darwin x64

Trace: 
  SyntaxError: /Users/christopherlebaron/Sites/hear-test/package.json: Unexpected token } in JSON at position 187
      at JSON.parse (<anonymous>)
      at /usr/local/Cellar/yarn/1.22.5/libexec/lib/cli.js:1625:59
      at Generator.next (<anonymous>)
      at step (/usr/local/Cellar/yarn/1.22.5/libexec/lib/cli.js:310:30)
      at /usr/local/Cellar/yarn/1.22.5/libexec/lib/cli.js:321:13

npm manifest: 
  {
    "name": "hear-test",
    "version": "0.0.0",
    "private": true,
    "scripts": {
      "start": "node ./bin/www"
    },
    "dependencies": {
      "debug": "~2.6.9",
      "express": "~4.16.1",
    }
  }

yarn manifest: 
  No manifest

Lockfile: 
  No lockfile
